0 info it worked if it ends with ok
1 verbose cli [ '/usr/bin/node', '/usr/bin/npm', 'start' ]
2 info using npm@3.5.2
3 info using node@v8.10.0
4 verbose run-script [ 'prestart', 'start', 'poststart' ]
5 info lifecycle example-project@1.0.0~prestart: example-project@1.0.0
6 silly lifecycle example-project@1.0.0~prestart: no script for prestart, continuing
7 info lifecycle example-project@1.0.0~start: example-project@1.0.0
8 verbose lifecycle example-project@1.0.0~start: unsafe-perm in lifecycle true
9 verbose lifecycle example-project@1.0.0~start: PATH: /usr/share/npm/bin/node-gyp-bin:/mnt/c/Users/nawaf/Desktop/evaluate-news-nlp/node_modules/.bin:/home/nawaf/.local/bin:/usr/local/sbin:/usr/local/bin:/usr/sbin:/usr/bin:/sbin:/bin:/usr/games:/usr/local/games:/mnt/c/Program Files/WindowsApps/CanonicalGroupLimited.UbuntuonWindows_1804.2020.5.0_x64__79rhkp1fndgsc:/mnt/c/Windows/system32:/mnt/c/Windows:/mnt/c/Windows/System32/Wbem:/mnt/c/Windows/System32/WindowsPowerShell/v1.0/:/mnt/c/Windows/System32/OpenSSH/:/mnt/c/Program Files/Intel/WiFi/bin/:/mnt/c/Program Files/Common Files/Intel/WirelessCommon/:/mnt/c/Program Files/Git/cmd:/mnt/c/ProgramData/Microsoft/Windows/Start Menu/Programs/PostgreSQL 12:/mnt/c/Program Files/PostgreSQL/12/lib:/mnt/c/Program Files/PostgreSQL/12/bin:/mnt/c/Python27/Scripts:/8:/mnt/c/Users/nawaf/AppData/Local/Programs/Microsoft VS Code/bin:/mnt/c/Users/nawaf/AppData/Roaming/Microsoft/Windows/Start Menu/Programs/venv:/mnt/c/Users/nawaf/AppData/Local/Programs/Python/Python38/Lib/site-packages:/mnt/c/Program Files/dotnet/:/mnt/c/Program Files/Microsoft SQL Server/130/Tools/Binn/:/mnt/c/Windows/System32/:/mnt/c/ProgramData/chocolatey/bin:/mnt/c/Program Files/nodejs/:/mnt/c/Program Files/Docker Toolbox:/mnt/c/Program Files/heroku/bin:/mnt/c/ProgramData/Microsoft/Windows/Start Menu/Programs/Python 2.7:/mnt/c/Users/nawaf/AppData/Local/Packages/PythonSoftwareFoundation.Python.3.8_qbz5n2kfra8p0/LocalCache/local-packages/Python38/Scripts:/mnt/c/Users/nawaf/AppData/Local/Packages/PythonSoftwareFoundation.Python.3.8_qbz5n2kfra8p0/LocalCache/local-packages/Python38/Scripts:/mnt/c/Users/nawaf/AppData/Local/Microsoft/WindowsApps:/mnt/c/Users/nawaf/AppData/Local/GitHubDesktop/bin:/mnt/c/Users/nawaf/AppData/Roaming/npm:/mnt/c/ProgramData/chocolatey/lib/eksctl/tools:/mnt/c/ProgramData/Microsoft/Windows/Start Menu/Programs/MySQL/MySQL Server 5.7:/snap/bin
10 verbose lifecycle example-project@1.0.0~start: CWD: /mnt/c/Users/nawaf/Desktop/evaluate-news-nlp
11 silly lifecycle example-project@1.0.0~start: Args: [ '-c', 'node src/server/index.js' ]
12 silly lifecycle example-project@1.0.0~start: Returned: code: 1  signal: null
13 info lifecycle example-project@1.0.0~start: Failed to exec start script
14 verbose stack Error: example-project@1.0.0 start: `node src/server/index.js`
14 verbose stack Exit status 1
14 verbose stack     at EventEmitter.<anonymous> (/usr/share/npm/lib/utils/lifecycle.js:232:16)
14 verbose stack     at emitTwo (events.js:126:13)
14 verbose stack     at EventEmitter.emit (events.js:214:7)
14 verbose stack     at ChildProcess.<anonymous> (/usr/share/npm/lib/utils/spawn.js:24:14)
14 verbose stack     at emitTwo (events.js:126:13)
14 verbose stack     at ChildProcess.emit (events.js:214:7)
14 verbose stack     at maybeClose (internal/child_process.js:925:16)
14 verbose stack     at Process.ChildProcess._handle.onexit (internal/child_process.js:209:5)
15 verbose pkgid example-project@1.0.0
16 verbose cwd /mnt/c/Users/nawaf/Desktop/evaluate-news-nlp
17 error Linux 4.4.0-18362-Microsoft
18 error argv "/usr/bin/node" "/usr/bin/npm" "start"
19 error node v8.10.0
20 error npm  v3.5.2
21 error code ELIFECYCLE
22 error example-project@1.0.0 start: `node src/server/index.js`
22 error Exit status 1
23 error Failed at the example-project@1.0.0 start script 'node src/server/index.js'.
23 error Make sure you have the latest version of node.js and npm installed.
23 error If you do, this is most likely a problem with the example-project package,
23 error not with npm itself.
23 error Tell the author that this fails on your system:
23 error     node src/server/index.js
23 error You can get information on how to open an issue for this project with:
23 error     npm bugs example-project
23 error Or if that isn't available, you can get their info via:
23 error     npm owner ls example-project
23 error There is likely additional logging output above.
24 verbose exit [ 1, true ]
